app/build/intermediates/manifest_merge_blame_file/debug/manifest-merger-blame-debug-report.txt
1<?xml version="1.0" encoding="utf-8"?>
2<manifest xmlns:android="http://schemas.android.com/apk/res/android"
3    package="com.example.tourism"
4    android:versionCode="1"
5    android:versionName="1.0" >
6
7    <uses-sdk
8        android:minSdkVersion="16"
8-->src\main\AndroidManifest.xml
9        android:targetSdkVersion="30" />
9-->src\main\AndroidManifest.xml
10
11    <!--
12         The ACCESS_COARSE/FINE_LOCATION permissions are not required to use
13         Google Maps Android API v2, but you must specify either coarse or fine
14         location permissions for the "MyLocation" functionality.
15    -->
16    <uses-permission android:name="android.permission.ACCESS_FINE_LOCATION" />
16-->src\main\AndroidManifest.xml:10:5-79
16-->src\main\AndroidManifest.xml:10:22-76
17    <uses-permission android:name="android.permission.INTERNET" />
17-->src\main\AndroidManifest.xml:11:5-67
17-->src\main\AndroidManifest.xml:11:22-64
18
19    <!-- Include required permissions for Google Maps API to run. -->
20    <uses-permission android:name="android.permission.ACCESS_NETWORK_STATE" />
20-->[com.google.android.gms:play-services-maps:17.0.1] AndroidManifest.xml:23:5-79
20-->[com.google.android.gms:play-services-maps:17.0.1] AndroidManifest.xml:23:22-76
21
22    <uses-feature
22-->[com.google.android.gms:play-services-maps:17.0.1] AndroidManifest.xml:26:5-28:35
23        android:glEsVersion="0x00020000"
23-->[com.google.android.gms:play-services-maps:17.0.1] AndroidManifest.xml:27:9-41
24        android:required="true" />
24-->[com.google.android.gms:play-services-maps:17.0.1] AndroidManifest.xml:28:9-32
25
26    <queries>
26-->[com.google.android.gms:play-services-maps:17.0.1] AndroidManifest.xml:30:5-34:15
27
28        <!-- Needs to be explicitly declared on Android R+ -->
29        <package android:name="com.google.android.apps.maps" />
29-->[com.google.android.gms:play-services-maps:17.0.1] AndroidManifest.xml:33:9-64
29-->[com.google.android.gms:play-services-maps:17.0.1] AndroidManifest.xml:33:18-61
30    </queries>
31
32    <uses-permission android:name="com.google.android.finsky.permission.BIND_GET_INSTALL_REFERRER_SERVICE" />
32-->[com.android.installreferrer:installreferrer:1.0] AndroidManifest.xml:9:5-110
32-->[com.android.installreferrer:installreferrer:1.0] AndroidManifest.xml:9:22-107
33
34    <application
34-->src\main\AndroidManifest.xml:13:5-75:19
35        android:allowBackup="true"
35-->src\main\AndroidManifest.xml:14:9-35
36        android:appComponentFactory="androidx.core.app.CoreComponentFactory"
36-->[androidx.core:core:1.5.0] AndroidManifest.xml:24:18-86
37        android:debuggable="true"
38        android:icon="@mipmap/ic_launcher"
38-->src\main\AndroidManifest.xml:15:9-43
39        android:label="@string/app_name"
39-->src\main\AndroidManifest.xml:16:9-41
40        android:roundIcon="@mipmap/ic_launcher_round"
40-->src\main\AndroidManifest.xml:17:9-54
41        android:supportsRtl="true"
41-->src\main\AndroidManifest.xml:18:9-35
42        android:testOnly="true"
43        android:theme="@style/Theme.Tourism" >
43-->src\main\AndroidManifest.xml:19:9-45
44
45        <!--
46             The API key for Google Maps-based APIs is defined as a string resource.
47             (See the file "res/values/google_maps_api.xml").
48             Note that the API key is linked to the encryption key used to sign the APK.
49             You need a different API key for each encryption key, including the release key that is used to
50             sign the APK for publishing.
51             You can define the keys for the debug and release targets in src/debug/ and src/release/.
52        -->
53        <meta-data
53-->src\main\AndroidManifest.xml:29:9-31:55
54            android:name="com.google.android.geo.API_KEY"
54-->src\main\AndroidManifest.xml:30:13-58
55            android:value="@string/google_maps_key" />
55-->src\main\AndroidManifest.xml:31:13-52
56
57        <activity
57-->src\main\AndroidManifest.xml:33:9-35:68
58            android:name="com.example.tourism.MapsActivity"
58-->src\main\AndroidManifest.xml:34:13-41
59            android:label="@string/title_activity_maps" />
59-->src\main\AndroidManifest.xml:35:13-56
60        <activity
60-->src\main\AndroidManifest.xml:36:9-38:69
61            android:name="com.example.tourism.MapsActivity2"
61-->src\main\AndroidManifest.xml:37:13-42
62            android:label="@string/title_activity_maps2" />
62-->src\main\AndroidManifest.xml:38:13-57
63        <activity android:name="com.example.tourism.forgotPassword" />
63-->src\main\AndroidManifest.xml:39:9-52
63-->src\main\AndroidManifest.xml:39:19-49
64        <activity android:name="com.example.tourism.FacebookLogin" />
64-->src\main\AndroidManifest.xml:40:9-51
64-->src\main\AndroidManifest.xml:40:19-48
65        <activity
65-->src\main\AndroidManifest.xml:41:9-43:62
66            android:name="com.example.tourism.StateScreeen"
66-->src\main\AndroidManifest.xml:42:13-41
67            android:theme="@style/Theme.Tourism.ActionBar" />
67-->src\main\AndroidManifest.xml:43:13-59
68        <activity android:name="com.example.tourism.Login" />
68-->src\main\AndroidManifest.xml:44:9-43
68-->src\main\AndroidManifest.xml:44:19-40
69        <activity android:name="com.example.tourism.CitiesGrid" />
69-->src\main\AndroidManifest.xml:45:9-48
69-->src\main\AndroidManifest.xml:45:19-45
70        <activity android:name="com.example.tourism.HangoutPlaces" />
70-->src\main\AndroidManifest.xml:46:9-51
70-->src\main\AndroidManifest.xml:46:19-48
71        <activity android:name="com.example.tourism.FunFact" />
71-->src\main\AndroidManifest.xml:47:9-45
71-->src\main\AndroidManifest.xml:47:19-42
72        <activity android:name="com.example.tourism.CitySelected" />
72-->src\main\AndroidManifest.xml:48:9-50
72-->src\main\AndroidManifest.xml:48:19-47
73        <activity android:name="com.example.tourism.MainActivity" >
73-->src\main\AndroidManifest.xml:49:9-55:20
73-->src\main\AndroidManifest.xml:49:19-47
74            <intent-filter>
74-->src\main\AndroidManifest.xml:50:13-54:29
75                <action android:name="android.intent.action.MAIN" />
75-->src\main\AndroidManifest.xml:51:17-69
75-->src\main\AndroidManifest.xml:51:25-66
76
77                <category android:name="android.intent.category.LAUNCHER" />
77-->src\main\AndroidManifest.xml:53:17-77
77-->src\main\AndroidManifest.xml:53:27-74
78            </intent-filter>
79        </activity>
80        <activity
80-->src\main\AndroidManifest.xml:56:9-67:20
81            android:name="com.facebook.CustomTabActivity"
81-->src\main\AndroidManifest.xml:57:13-58
82            android:exported="true" >
82-->src\main\AndroidManifest.xml:58:13-36
83            <intent-filter>
83-->src\main\AndroidManifest.xml:59:13-66:29
84                <action android:name="android.intent.action.VIEW" />
84-->src\main\AndroidManifest.xml:60:17-69
84-->src\main\AndroidManifest.xml:60:25-66
85
86                <category android:name="android.intent.category.DEFAULT" />
86-->src\main\AndroidManifest.xml:62:17-76
86-->src\main\AndroidManifest.xml:62:27-73
87                <category android:name="android.intent.category.BROWSABLE" />
87-->src\main\AndroidManifest.xml:63:17-78
87-->src\main\AndroidManifest.xml:63:27-75
88
89                <data android:scheme="@string/fb_login_protocol_scheme" />
89-->src\main\AndroidManifest.xml:65:17-75
89-->src\main\AndroidManifest.xml:65:23-72
90            </intent-filter>
91            <intent-filter>
91-->[com.facebook.android:facebook-common:5.15.3] AndroidManifest.xml:39:13-48:29
92                <action android:name="android.intent.action.VIEW" />
92-->src\main\AndroidManifest.xml:60:17-69
92-->src\main\AndroidManifest.xml:60:25-66
93
94                <category android:name="android.intent.category.DEFAULT" />
94-->src\main\AndroidManifest.xml:62:17-76
94-->src\main\AndroidManifest.xml:62:27-73
95                <category android:name="android.intent.category.BROWSABLE" />
95-->src\main\AndroidManifest.xml:63:17-78
95-->src\main\AndroidManifest.xml:63:27-75
96
97                <data
97-->src\main\AndroidManifest.xml:65:17-75
98                    android:host="cct.com.example.tourism"
99                    android:scheme="fbconnect" />
99-->src\main\AndroidManifest.xml:65:23-72
100            </intent-filter>
101        </activity>
102
103        <meta-data
103-->src\main\AndroidManifest.xml:69:9-71:57
104            android:name="preloaded_fonts"
104-->src\main\AndroidManifest.xml:70:13-43
105            android:resource="@array/preloaded_fonts" />
105-->src\main\AndroidManifest.xml:71:13-54
106        <meta-data
106-->src\main\AndroidManifest.xml:72:9-74:55
107            android:name="com.facebook.sdk.ApplicationId"
107-->src\main\AndroidManifest.xml:73:13-58
108            android:value="@string/facebook_app_id" />
108-->src\main\AndroidManifest.xml:74:13-52
109
110        <activity
110-->[com.facebook.android:facebook-common:5.15.3] AndroidManifest.xml:30:9-33:66
111            android:name="com.facebook.FacebookActivity"
111-->[com.facebook.android:facebook-common:5.15.3] AndroidManifest.xml:31:13-57
112            android:configChanges="keyboard|keyboardHidden|screenLayout|screenSize|orientation"
112-->[com.facebook.android:facebook-common:5.15.3] AndroidManifest.xml:32:13-96
113            android:theme="@style/com_facebook_activity_theme" />
113-->[com.facebook.android:facebook-common:5.15.3] AndroidManifest.xml:33:13-63
114        <activity android:name="com.facebook.CustomTabMainActivity" />
114-->[com.facebook.android:facebook-common:5.15.3] AndroidManifest.xml:34:9-71
114-->[com.facebook.android:facebook-common:5.15.3] AndroidManifest.xml:34:19-68
115        <activity
115-->[com.google.android.gms:play-services-auth:19.0.0] AndroidManifest.xml:23:9-27:75
116            android:name="com.google.android.gms.auth.api.signin.internal.SignInHubActivity"
116-->[com.google.android.gms:play-services-auth:19.0.0] AndroidManifest.xml:24:13-93
117            android:excludeFromRecents="true"
117-->[com.google.android.gms:play-services-auth:19.0.0] AndroidManifest.xml:25:13-46
118            android:exported="false"
118-->[com.google.android.gms:play-services-auth:19.0.0] AndroidManifest.xml:26:13-37
119            android:theme="@android:style/Theme.Translucent.NoTitleBar" />
119-->[com.google.android.gms:play-services-auth:19.0.0] AndroidManifest.xml:27:13-72
120        <!--
121            Service handling Google Sign-In user revocation. For apps that do not integrate with
122            Google Sign-In, this service will never be started.
123        -->
124        <service
124-->[com.google.android.gms:play-services-auth:19.0.0] AndroidManifest.xml:33:9-37:51
125            android:name="com.google.android.gms.auth.api.signin.RevocationBoundService"
125-->[com.google.android.gms:play-services-auth:19.0.0] AndroidManifest.xml:34:13-89
126            android:exported="true"
126-->[com.google.android.gms:play-services-auth:19.0.0] AndroidManifest.xml:35:13-36
127            android:permission="com.google.android.gms.auth.api.signin.permission.REVOCATION_NOTIFICATION"
127-->[com.google.android.gms:play-services-auth:19.0.0] AndroidManifest.xml:36:13-107
128            android:visibleToInstantApps="true" /> <!-- Needs to be explicitly declared on P+ -->
128-->[com.google.android.gms:play-services-auth:19.0.0] AndroidManifest.xml:37:13-48
129        <uses-library
129-->[com.google.android.gms:play-services-maps:17.0.1] AndroidManifest.xml:39:9-41:40
130            android:name="org.apache.http.legacy"
130-->[com.google.android.gms:play-services-maps:17.0.1] AndroidManifest.xml:40:13-50
131            android:required="false" />
131-->[com.google.android.gms:play-services-maps:17.0.1] AndroidManifest.xml:41:13-37
132
133        <activity
133-->[com.google.firebase:firebase-auth:21.0.1] AndroidManifest.xml:27:9-44:20
134            android:name="com.google.firebase.auth.internal.GenericIdpActivity"
134-->[com.google.firebase:firebase-auth:21.0.1] AndroidManifest.xml:28:13-80
135            android:excludeFromRecents="true"
135-->[com.google.firebase:firebase-auth:21.0.1] AndroidManifest.xml:29:13-46
136            android:exported="true"
136-->[com.google.firebase:firebase-auth:21.0.1] AndroidManifest.xml:30:13-36
137            android:launchMode="singleTask"
137-->[com.google.firebase:firebase-auth:21.0.1] AndroidManifest.xml:31:13-44
138            android:theme="@android:style/Theme.Translucent.NoTitleBar" >
138-->[com.google.firebase:firebase-auth:21.0.1] AndroidManifest.xml:32:13-72
139            <intent-filter>
139-->[com.google.firebase:firebase-auth:21.0.1] AndroidManifest.xml:33:13-43:29
140                <action android:name="android.intent.action.VIEW" />
140-->src\main\AndroidManifest.xml:60:17-69
140-->src\main\AndroidManifest.xml:60:25-66
141
142                <category android:name="android.intent.category.DEFAULT" />
142-->src\main\AndroidManifest.xml:62:17-76
142-->src\main\AndroidManifest.xml:62:27-73
143                <category android:name="android.intent.category.BROWSABLE" />
143-->src\main\AndroidManifest.xml:63:17-78
143-->src\main\AndroidManifest.xml:63:27-75
144
145                <data
145-->src\main\AndroidManifest.xml:65:17-75
146                    android:host="firebase.auth"
147                    android:path="/"
148                    android:scheme="genericidp" />
148-->src\main\AndroidManifest.xml:65:23-72
149            </intent-filter>
150        </activity>
151        <activity
151-->[com.google.firebase:firebase-auth:21.0.1] AndroidManifest.xml:45:9-62:20
152            android:name="com.google.firebase.auth.internal.RecaptchaActivity"
152-->[com.google.firebase:firebase-auth:21.0.1] AndroidManifest.xml:46:13-79
153            android:excludeFromRecents="true"
153-->[com.google.firebase:firebase-auth:21.0.1] AndroidManifest.xml:47:13-46
154            android:exported="true"
154-->[com.google.firebase:firebase-auth:21.0.1] AndroidManifest.xml:48:13-36
155            android:launchMode="singleTask"
155-->[com.google.firebase:firebase-auth:21.0.1] AndroidManifest.xml:49:13-44
156            android:theme="@android:style/Theme.Translucent.NoTitleBar" >
156-->[com.google.firebase:firebase-auth:21.0.1] AndroidManifest.xml:50:13-72
157            <intent-filter>
157-->[com.google.firebase:firebase-auth:21.0.1] AndroidManifest.xml:51:13-61:29
158                <action android:name="android.intent.action.VIEW" />
158-->src\main\AndroidManifest.xml:60:17-69
158-->src\main\AndroidManifest.xml:60:25-66
159
160                <category android:name="android.intent.category.DEFAULT" />
160-->src\main\AndroidManifest.xml:62:17-76
160-->src\main\AndroidManifest.xml:62:27-73
161                <category android:name="android.intent.category.BROWSABLE" />
161-->src\main\AndroidManifest.xml:63:17-78
161-->src\main\AndroidManifest.xml:63:27-75
162
163                <data
163-->src\main\AndroidManifest.xml:65:17-75
164                    android:host="firebase.auth"
165                    android:path="/"
166                    android:scheme="recaptcha" />
166-->src\main\AndroidManifest.xml:65:23-72
167            </intent-filter>
168        </activity>
169
170        <service
170-->[com.google.firebase:firebase-auth:21.0.1] AndroidManifest.xml:64:9-73:19
171            android:name="com.google.firebase.auth.api.fallback.service.FirebaseAuthFallbackService"
171-->[com.google.firebase:firebase-auth:21.0.1] AndroidManifest.xml:65:13-101
172            android:enabled="true"
172-->[com.google.firebase:firebase-auth:21.0.1] AndroidManifest.xml:66:13-35
173            android:exported="false" >
173-->[com.google.firebase:firebase-auth:21.0.1] AndroidManifest.xml:67:13-37
174            <intent-filter>
174-->[com.google.firebase:firebase-auth:21.0.1] AndroidManifest.xml:68:13-72:29
175                <action android:name="com.google.firebase.auth.api.gms.service.START" />
175-->[com.google.firebase:firebase-auth:21.0.1] AndroidManifest.xml:69:17-89
175-->[com.google.firebase:firebase-auth:21.0.1] AndroidManifest.xml:69:25-86
176
177                <category android:name="android.intent.category.DEFAULT" />
177-->src\main\AndroidManifest.xml:62:17-76
177-->src\main\AndroidManifest.xml:62:27-73
178            </intent-filter>
179        </service>
180        <service
180-->[com.google.firebase:firebase-auth:21.0.1] AndroidManifest.xml:74:9-80:19
181            android:name="com.google.firebase.components.ComponentDiscoveryService"
181-->[com.google.firebase:firebase-auth:21.0.1] AndroidManifest.xml:75:13-84
182            android:directBootAware="true"
182-->[com.google.firebase:firebase-common:20.0.0] AndroidManifest.xml:35:13-43
183            android:exported="false" >
183-->[com.google.firebase:firebase-auth:21.0.1] AndroidManifest.xml:76:13-37
184            <meta-data
184-->[com.google.firebase:firebase-auth:21.0.1] AndroidManifest.xml:77:13-79:85
185                android:name="com.google.firebase.components:com.google.firebase.auth.FirebaseAuthRegistrar"
185-->[com.google.firebase:firebase-auth:21.0.1] AndroidManifest.xml:78:17-109
186                android:value="com.google.firebase.components.ComponentRegistrar" />
186-->[com.google.firebase:firebase-auth:21.0.1] AndroidManifest.xml:79:17-82
187        </service>
188
189        <provider
189-->[com.google.firebase:firebase-common:20.0.0] AndroidManifest.xml:26:9-31:39
190            android:name="com.google.firebase.provider.FirebaseInitProvider"
190-->[com.google.firebase:firebase-common:20.0.0] AndroidManifest.xml:27:13-77
191            android:authorities="com.example.tourism.firebaseinitprovider"
191-->[com.google.firebase:firebase-common:20.0.0] AndroidManifest.xml:28:13-72
192            android:directBootAware="true"
192-->[com.google.firebase:firebase-common:20.0.0] AndroidManifest.xml:29:13-43
193            android:exported="false"
193-->[com.google.firebase:firebase-common:20.0.0] AndroidManifest.xml:30:13-37
194            android:initOrder="100" />
194-->[com.google.firebase:firebase-common:20.0.0] AndroidManifest.xml:31:13-36
195
196        <activity
196-->[com.google.android.gms:play-services-base:17.1.0] AndroidManifest.xml:23:9-26:75
197            android:name="com.google.android.gms.common.api.GoogleApiActivity"
197-->[com.google.android.gms:play-services-base:17.1.0] AndroidManifest.xml:24:13-79
198            android:exported="false"
198-->[com.google.android.gms:play-services-base:17.1.0] AndroidManifest.xml:25:13-37
199            android:theme="@android:style/Theme.Translucent.NoTitleBar" />
199-->[com.google.android.gms:play-services-base:17.1.0] AndroidManifest.xml:26:13-72
200
201        <meta-data
201-->[com.google.android.gms:play-services-basement:17.1.1] AndroidManifest.xml:23:9-25:69
202            android:name="com.google.android.gms.version"
202-->[com.google.android.gms:play-services-basement:17.1.1] AndroidManifest.xml:24:13-58
203            android:value="@integer/google_play_services_version" />
203-->[com.google.android.gms:play-services-basement:17.1.1] AndroidManifest.xml:25:13-66
204        <!--
205         The initialization ContentProvider will call FacebookSdk.sdkInitialize automatically
206         with the application context. This config is merged in with the host app's manifest,
207         but there can only be one provider with the same authority activated at any given
208         point; so if the end user has two or more different apps that use Facebook SDK, only the
209         first one will be able to use the provider. To work around this problem, we use the
210         following placeholder in the authority to identify each host application as if it was
211         a completely different provider.
212        -->
213        <provider
213-->[com.facebook.android:facebook-core:5.15.3] AndroidManifest.xml:39:9-42:40
214            android:name="com.facebook.internal.FacebookInitProvider"
214-->[com.facebook.android:facebook-core:5.15.3] AndroidManifest.xml:40:13-70
215            android:authorities="com.example.tourism.FacebookInitProvider"
215-->[com.facebook.android:facebook-core:5.15.3] AndroidManifest.xml:41:13-72
216            android:exported="false" />
216-->[com.facebook.android:facebook-core:5.15.3] AndroidManifest.xml:42:13-37
217
218        <receiver
218-->[com.facebook.android:facebook-core:5.15.3] AndroidManifest.xml:44:9-50:20
219            android:name="com.facebook.CurrentAccessTokenExpirationBroadcastReceiver"
219-->[com.facebook.android:facebook-core:5.15.3] AndroidManifest.xml:45:13-86
220            android:exported="false" >
220-->[com.facebook.android:facebook-core:5.15.3] AndroidManifest.xml:46:13-37
221            <intent-filter>
221-->[com.facebook.android:facebook-core:5.15.3] AndroidManifest.xml:47:13-49:29
222                <action android:name="com.facebook.sdk.ACTION_CURRENT_ACCESS_TOKEN_CHANGED" />
222-->[com.facebook.android:facebook-core:5.15.3] AndroidManifest.xml:48:17-95
222-->[com.facebook.android:facebook-core:5.15.3] AndroidManifest.xml:48:25-92
223            </intent-filter>
224        </receiver>
225    </application>
226
227</manifest>